A51 MACRO ASSEMBLER  APP_RFSETUP                                                          08/06/2018 15:45:42 PAGE     1


MACRO ASSEMBLER A51 V8.02b
OBJECT MODULE PLACED IN .\bin\App_RFSetup.obj
ASSEMBLER INVOKED BY: C:\Keil_v5\C51\BIN\A51.EXE ..\..\Z-Wave\IO_defines\App_RFSetup.a51 INCDIR(..\..\Z-Wave\IO_Defines;
                      ..\..\Z-Wave\include;..\Util_Func) NORB DF(ZW_SLAVE,ZW_SLAVE_ROUTING,ZW_ROUTING_CONTROL,ZW_SELF_HE
                      AL,ZW030x,US,APPL_PROD_TEST) SET(LARGE) DEBUG PRINT(.\build_prj\leddimmer_ZW030x_US\List\App_RFSet
                      up.lst) OBJECT(.\bin\App_RFSetup.obj) EP

LOC  OBJ            LINE     SOURCE

                       1     ;*****************************  APP_RFSETUP.A51  ****************************
                       2     ;*           #######
                       3     ;*           ##  ##
                       4     ;*           #  ##    ####   #####    #####  ##  ##   #####
                       5     ;*             ##    ##  ##  ##  ##  ##      ##  ##  ##
                       6     ;*            ##  #  ######  ##  ##   ####   ##  ##   ####
                       7     ;*           ##  ##  ##      ##  ##      ##   #####      ##
                       8     ;*          #######   ####   ##  ##  #####       ##  #####
                       9     ;*                                           #####
                      10     ;*          Z-Wave, the wireless language.
                      11     ;*
                      12     ;*              Copyright (c) 2001
                      13     ;*              Zensys A/S
                      14     ;*              Denmark
                      15     ;*
                      16     ;*              All Rights Reserved
                      17     ;*
                      18     ;*    This source file is subject to the terms and conditions of the
                      19     ;*    Zensys Software License Agreement which restricts the manner
                      20     ;*    in which it may be used.
                      21     ;*
                      22     ;*---------------------------------------------------------------------------
                      23     ;*
                      24     ;* Description: Application ZW010x RF setting setup table
                      25     ;*
                      26     ;* Author:   Johann Sigfredsson
                      27     ;*
                      28     ;* Last Changed By:  $Author: efh $
                      29     ;* Revision:         $Revision: 9763 $
                      30     ;* Last Changed:     $Date: 2008-01-10 11:28:42 +0100 (Thu, 10 Jan 2008) $
                      31     ;*
                      32     ;****************************************************************************
                      33     
                             
                             
                      36     
                      37     ;#include <ZW_RF030x.h>
                +1    38     
                +1    39     
                +1    40     
                +1    41     
                +1    42     
                +1    43     
                +1    44     
                +1    45     
                +1    46     
                +1    47     
                +1    48     
                +1    49     
                +1    50     
                +1    51     
                +1    52     
                +1    53     
                +1    54     
                +1    55     
A51 MACRO ASSEMBLER  APP_RFSETUP                                                          08/06/2018 15:45:42 PAGE     2

                +1    56     
                +1    57     
                +1    58     
                +1    59     
                +1    60     
                +1    61     
                +1    62     
                +1    63     
                +1    64     
                +1    65     
                +1    66     
                +1    67     
                +1    68     
                +1    69     
                +1    70     
                +1    71     
                +1    72     
                +1    73     
                +1    74     
                +1    75     
                +1    76     
                +1    77     
                +1    78     
                +1    79     
                +1    80     
                +1    81     
                +1    82     
                +1    83     
                +1    84     
                +1    85     
                +1    86     
                +1    87     
                +1    88     
                +1    89     
                +1    90     
                +1    91     
                +1    92     
                +1    93     
                +1    94     
                +1    95     
                +1    96     
                +1    97     
                +1    98     
                +1    99     
                +1   100     
                +1   101     
                +1   102     
                +1   103     
                +1   104     
                +1   105     
                +1   106     
                +1   107     
                +1   108     
                +1   109     
                +1   110     
                +1   111     
                +1   112     
                +1   113     
                +1   114     
                +1   115     
                +1   116     
                +1           
                +1           
                +1   119     
                +1   120     
                +1   121     
A51 MACRO ASSEMBLER  APP_RFSETUP                                                          08/06/2018 15:45:42 PAGE     3

                +1   122     
                +1   123     
                +1   124     
                +1   125     
                +1   126     
                +1   127     
                +1   128     
                +1   129     
                +1   130     
                +1   131     
                +1   132     
                +1   133     
                +1   134     
                +1   135     
                     136     
                     137     
                     138     
                     139     
                     140     
                     141     ;****************************************************************************
                     142     ;*  WARNING:
                     143     ;****************************************************************************
                     144             NAME  ZW_APP_RF_TABLE
                     145     
----                 146             CSEG  AT 0x7FB0
                     147     
7FB0                 148             ORG   0x7FB0 + 0
7FB0 42              149             DB    0x42
                     150     
                     151     ; Which RF frequency do we want to use, EU (868.42MHz), US (908.42MHz), ANZ (921.42MHz), HK
                              (919.82MHz), MY (868.2MHz) or IN (865.4MHz) ?
7FB1                 152             ORG   0x7FB0 + 1
                     153     
                                     
                             
                     156     
7FB1 01              157             DB    1                ; US frequency (908.42MHz)
                             
                                     
                             
                                     
                             
                                     
                             
                                     
                             
                                     
                             
                                     
                             
                                     
                             
                     173     
                     174     
                     175     
                             
                                     
                                     
                             
                             
                                     
                                     
                             
                     184     
                     185     
                     186     ; What should the power level be when in normal power TX mode
A51 MACRO ASSEMBLER  APP_RFSETUP                                                          08/06/2018 15:45:42 PAGE     4

7FB2                 187             ORG   0x7FB0 + 2
7FB2 FF              188             DB    0xFF
                     189     
                     190     ; What should the power level be when in low power TX mode
7FB3                 191             ORG   0x7FB0 + 3
7FB3 FF              192             DB    0xFF
                     193     
                     194     
                     195     ; What should the PLL-stepup value be when in TX mode (change it to zero when using externa
                             l PA)
7FB5                 196             ORG   0x7FB0 + 5
7FB5 FF              197             DB    0xFF
                     198     
                     199     
                     200             END
A51 MACRO ASSEMBLER  APP_RFSETUP                                                          08/06/2018 15:45:42 PAGE     5

SYMBOL TABLE LISTING
------ ----- -------


N A M E             T Y P E  V A L U E   ATTRIBUTES

ZW_APP_RF_TABLE. .  N NUMB   -----       


REGISTER BANK(S) USED: 0 


ASSEMBLY COMPLETE.  0 WARNING(S), 0 ERROR(S)
